<?xml version="1.0" encoding="UTF-8"?>
<!-- Generated by org.testng.reporters.JUnitReportReporter -->
<testsuite hostname="LAPTOP-RC3D59B9" failures="0" tests="1" name="test.FullSetupTest" time="26.941" errors="0" timestamp="2025-03-21T20:53:37 IST" skipped="0">
  <testcase classname="test.FullSetupTest" name="testFullSetupTest" time="26.941">
    <system-out>
      <![CDATA[FullSetupTest]]>
    </system-out>
  </testcase> <!-- testFullSetupTest -->
  <system-out>
    <![CDATA[Execute in Grid:no
Browser is:chrome
Set ITO:7
Enter the URL:https://app.getcalley.com/Login.aspx
Maximize the browser
Set ETO:6
FullSetupTest
Close the browser]]>
  </system-out>
</testsuite> <!-- test.FullSetupTest -->
