<?xml version="1.0" encoding="UTF-8"?>
<!-- Generated by org.testng.reporters.JUnitReportReporter -->
<testsuite hostname="LAPTOP-RC3D59B9" failures="0" tests="2" name="test.FullSetupTest" time="78.694" errors="0" timestamp="2025-03-22T17:04:48 IST" skipped="0">
  <testcase classname="test.FullSetupTest" name="testLoginFlow" time="26.202">
    <system-out>
      <![CDATA[Running Login Scenario: invalid]]>
    </system-out>
  </testcase> <!-- testLoginFlow -->
  <testcase classname="test.FullSetupTest" name="testLoginFlow" time="52.492">
    <system-out>
      <![CDATA[Running Login Scenario: valid]]>
    </system-out>
  </testcase> <!-- testLoginFlow -->
  <system-out>
    <![CDATA[Execute in Grid:no
Browser is:chrome
Set ITO:7
Enter the URL:https://app.getcalley.com/Login.aspx
Maximize the browser
Set ETO:6
Running Login Scenario: valid
Close the browser
Execute in Grid:no
Browser is:chrome
Set ITO:7
Enter the URL:https://app.getcalley.com/Login.aspx
Maximize the browser
Set ETO:6
Running Login Scenario: invalid
Close the browser]]>
  </system-out>
</testsuite> <!-- test.FullSetupTest -->
