<?xml version="1.0" encoding="UTF-8"?>
<!-- Generated by org.testng.reporters.JUnitReportReporter -->
<testsuite hostname="LAPTOP-RC3D59B9" failures="0" tests="2" name="test.FullSetupTest" time="50.020" errors="0" timestamp="2025-03-26T09:44:17 IST" skipped="0">
  <testcase classname="test.FullSetupTest" name="testLoginFlow" time="10.048">
    <system-out>
      <![CDATA[Running Login Scenario: invalid]]>
    </system-out>
  </testcase> <!-- testLoginFlow -->
  <testcase classname="test.FullSetupTest" name="testLoginFlow" time="39.972">
    <system-out>
      <![CDATA[Running Login Scenario: valid]]>
    </system-out>
  </testcase> <!-- testLoginFlow -->
  <system-out>
    <![CDATA[Browser is:chrome
Set ITO:7
Enter the URL:https://app.getcalley.com/Login.aspx
Maximize the browser
Set ETO:6
Running Login Scenario: valid
Close the browser
Browser is:chrome
Set ITO:7
Enter the URL:https://app.getcalley.com/Login.aspx
Maximize the browser
Set ETO:6
Running Login Scenario: invalid
Close the browser]]>
  </system-out>
</testsuite> <!-- test.FullSetupTest -->
