<?xml version="1.0" encoding="UTF-8"?>
<!-- Generated by org.testng.reporters.JUnitReportReporter -->
<testsuite hostname="LAPTOP-RC3D59B9" failures="0" tests="1" name="test.RegistratinTest" time="81.483" errors="0" timestamp="2025-03-26T16:31:08 IST" skipped="0">
  <testcase classname="test.RegistratinTest" name="testValidRegistration" time="81.483">
    <system-out>
      <![CDATA[Starting Valid Registration Test]]>
    </system-out>
  </testcase> <!-- testValidRegistration -->
  <system-out>
    <![CDATA[Browser is:chrome
Set ITO:7
Enter the URL:https://app.getcalley.com/registration.aspx
Maximize the browser
Set ETO:6
Starting Valid Registration Test
Close the browser]]>
  </system-out>
</testsuite> <!-- test.RegistratinTest -->
